2025-11-23 15:39:13,395 - Generation 0 :	 182.0 {'short': 358, '-10.0': 387, 'long': 642, '2.0': 456, '20.0': 157} 
2025-11-23 15:39:17,184 - Generation 1 :	 590.0 {'long': 633, '-10.0': 389, '2.0': 430, 'short': 367, '20.0': 181} 
2025-11-23 15:39:20,968 - Generation 2 :	 494.0 {'long': 629, '2.0': 402, '-10.0': 409, 'short': 371, '20.0': 189} 
2025-11-23 15:39:24,747 - Generation 3 :	 362.0 {'long': 646, '2.0': 451, '-10.0': 384, 'short': 354, '20.0': 165} 
2025-11-23 15:39:28,541 - Generation 4 :	 600.0 {'long': 643, '20.0': 191, '2.0': 405, 'short': 356, '-10.0': 403, 'none': 1, '0': 1} 
2025-11-23 15:39:32,350 - Generation 5 :	 504.0 {'long': 620, '2.0': 412, '-10.0': 402, 'short': 379, '20.0': 185, 'none': 1, '0': 1} 
2025-11-23 15:39:36,111 - Generation 6 :	 962.0 {'long': 614, '20.0': 197, '-10.0': 382, 'short': 386, '2.0': 421} 
2025-11-23 15:39:39,831 - Generation 7 :	 684.0 {'long': 623, '-10.0': 387, '2.0': 427, 'short': 376, '20.0': 185, 'none': 1, '0': 1} 
2025-11-23 15:39:43,543 - Generation 8 :	 8.0 {'long': 620, '-10.0': 412, '2.0': 424, 'short': 380, '20.0': 164} 
2025-11-23 15:39:47,289 - Generation 9 :	 582.0 {'long': 629, '-10.0': 406, 'short': 370, '2.0': 401, '20.0': 192, 'none': 1, '0': 1} 
2025-11-23 15:39:51,038 - Generation 10 :	 674.0 {'short': 374, '-10.0': 382, 'long': 626, '2.0': 437, '20.0': 181} 
2025-11-23 15:39:54,843 - Generation 11 :	 944.0 {'long': 625, '20.0': 196, '-10.0': 382, 'short': 375, '2.0': 422} 
2025-11-23 15:39:58,638 - Generation 12 :	 392.0 {'short': 369, '-10.0': 398, 'long': 631, '20.0': 176, '2.0': 426} 
2025-11-23 15:40:02,436 - Generation 13 :	 530.0 {'long': 613, '2.0': 440, '-10.0': 385, 'short': 387, '20.0': 175} 
2025-11-23 15:40:06,215 - Generation 14 :	 678.0 {'short': 394, '20.0': 172, 'long': 605, '2.0': 459, '-10.0': 368, 'none': 1, '0': 1} 
2025-11-23 15:40:09,945 - Generation 15 :	 530.0 {'short': 380, '-10.0': 388, 'long': 620, '2.0': 435, '20.0': 177} 
2025-11-23 15:40:13,741 - Generation 16 :	 62.0 {'short': 395, '2.0': 421, 'long': 605, '-10.0': 412, '20.0': 167} 
2025-11-23 15:40:17,518 - Generation 17 :	 216.0 {'short': 384, '2.0': 423, 'long': 615, '20.0': 171, '-10.0': 405, 'none': 1, '0': 1} 
2025-11-23 15:40:21,284 - Generation 18 :	 458.0 {'short': 383, '20.0': 177, '-10.0': 394, '2.0': 429, 'long': 617} 
2025-11-23 15:40:25,063 - Generation 19 :	 1352.0 {'long': 623, '20.0': 204, 'short': 377, '-10.0': 360, '2.0': 436} 
2025-11-23 15:40:28,833 - Generation 20 :	 320.0 {'long': 615, '2.0': 410, 'short': 385, '-10.0': 410, '20.0': 180} 
2025-11-23 15:40:32,582 - Generation 21 :	 1022.0 {'short': 386, '2.0': 401, 'long': 614, '-10.0': 392, '20.0': 207} 
2025-11-23 15:40:36,350 - Generation 22 :	 548.0 {'long': 605, '2.0': 429, '-10.0': 391, 'short': 395, '20.0': 180} 
2025-11-23 15:40:40,085 - Generation 23 :	 770.0 {'long': 635, '2.0': 430, 'short': 365, '-10.0': 383, '20.0': 187} 
2025-11-23 15:40:43,834 - Generation 24 :	 510.0 {'long': 602, '-10.0': 385, 'short': 397, '2.0': 440, '20.0': 174, 'none': 1, '0': 1} 
2025-11-23 15:40:47,553 - Generation 25 :	 932.0 {'long': 573, '-10.0': 371, 'short': 427, '2.0': 441, '20.0': 188} 
2025-11-23 15:40:51,341 - Generation 26 :	 1034.0 {'long': 601, '2.0': 412, 'short': 399, '20.0': 203, '-10.0': 385} 
2025-11-23 15:40:55,097 - Generation 27 :	 1004.0 {'long': 624, '2.0': 447, '-10.0': 365, '20.0': 188, 'short': 376} 
2025-11-23 15:40:58,835 - Generation 28 :	 896.0 {'short': 375, '-10.0': 371, '2.0': 443, 'long': 625, '20.0': 186} 
2025-11-23 15:41:02,613 - Generation 29 :	 1106.0 {'long': 647, '2.0': 433, '-10.0': 370, 'short': 353, '20.0': 197} 
2025-11-23 15:41:06,395 - Generation 30 :	 410.0 {'long': 627, '20.0': 181, 'short': 373, '-10.0': 404, '2.0': 415} 
2025-11-23 15:41:10,161 - Generation 31 :	 554.0 {'long': 652, '-10.0': 377, 'short': 348, '20.0': 171, '2.0': 452} 
2025-11-23 15:41:13,953 - Generation 32 :	 710.0 {'long': 632, '2.0': 415, 'short': 368, '20.0': 191, '-10.0': 394} 
2025-11-23 15:41:17,697 - Generation 33 :	 696.0 {'long': 634, '-10.0': 392, 'short': 365, '2.0': 418, '20.0': 189, 'none': 1, '0': 1} 
2025-11-23 15:41:21,489 - Generation 34 :	 518.0 {'short': 384, '20.0': 181, '-10.0': 395, 'long': 616, '2.0': 424} 
2025-11-23 15:41:25,252 - Generation 35 :	 314.0 {'short': 379, '2.0': 437, 'long': 621, '-10.0': 394, '20.0': 169} 
2025-11-23 15:41:29,025 - Generation 36 :	 468.0 {'long': 617, '-10.0': 396, 'short': 382, '2.0': 424, '20.0': 179, 'none': 1, '0': 1} 
2025-11-23 15:41:32,756 - Generation 37 :	 1308.0 {'short': 365, '20.0': 195, 'long': 634, '-10.0': 350, '2.0': 454, 'none': 1, '0': 1} 
2025-11-23 15:41:36,469 - Generation 38 :	 240.0 {'short': 375, '-10.0': 421, 'long': 624, '20.0': 183, '2.0': 395, 'none': 1, '0': 1} 
2025-11-23 15:41:40,179 - Generation 39 :	 506.0 {'short': 358, '20.0': 169, 'long': 642, '2.0': 453, '-10.0': 378} 
2025-11-23 15:41:44,003 - Generation 40 :	 422.0 {'long': 614, '-10.0': 403, 'short': 386, '2.0': 416, '20.0': 181} 
2025-11-23 15:41:55,471 - Generation 0 :	 -46.0 {'short': 364, '20.0': 159, 'long': 636, '2.0': 432, '-10.0': 409} 
2025-11-23 15:41:59,320 - Generation 1 :	 410.0 {'short': 364, '20.0': 177, '-10.0': 398, 'long': 636, '2.0': 425} 
2025-11-23 15:42:03,105 - Generation 2 :	 1046.0 {'short': 391, '2.0': 423, '-10.0': 378, 'long': 609, '20.0': 199} 
2025-11-23 15:42:06,907 - Generation 3 :	 1460.0 {'long': 632, '-10.0': 357, 'short': 368, '2.0': 435, '20.0': 208} 
2025-11-23 15:42:10,687 - Generation 4 :	 980.0 {'long': 649, '-10.0': 364, '2.0': 450, 'short': 351, '20.0': 186} 
2025-11-23 15:42:14,431 - Generation 5 :	 1274.0 {'long': 663, '20.0': 215, '2.0': 402, '-10.0': 383, 'short': 337} 
2025-11-23 15:42:18,199 - Generation 6 :	 686.0 {'long': 657, '20.0': 181, 'short': 343, '2.0': 438, '-10.0': 381} 
2025-11-23 15:42:21,999 - Generation 7 :	 620.0 {'long': 618, '-10.0': 397, '2.0': 415, 'short': 382, '20.0': 188} 
2025-11-23 15:42:25,806 - Generation 8 :	 1622.0 {'long': 626, '20.0': 217, 'short': 374, '-10.0': 357, '2.0': 426} 
2025-11-23 15:42:29,593 - Generation 9 :	 494.0 {'long': 658, '-10.0': 388, 'short': 342, '2.0': 437, '20.0': 175} 
2025-11-23 15:42:33,388 - Generation 10 :	 74.0 {'long': 668, '-10.0': 411, 'short': 332, '2.0': 422, '20.0': 167} 
2025-11-23 15:42:37,224 - Generation 11 :	 356.0 {'long': 660, '-10.0': 398, 'short': 340, '2.0': 428, '20.0': 174} 
2025-11-23 15:42:40,959 - Generation 12 :	 566.0 {'long': 675, '20.0': 181, '2.0': 428, '-10.0': 391, 'short': 325} 
2025-11-23 15:42:44,735 - Generation 13 :	 288.0 {'short': 350, '-10.0': 411, 'long': 649, '2.0': 409, '20.0': 179, 'none': 1, '0': 1} 
2025-11-23 15:42:48,547 - Generation 14 :	 920.0 {'short': 355, '2.0': 405, 'long': 645, '20.0': 202, '-10.0': 393} 
2025-11-23 15:42:52,430 - Generation 15 :	 170.0 {'short': 358, '-10.0': 391, '2.0': 450, 'long': 642, '20.0': 159} 
2025-11-23 15:42:56,255 - Generation 16 :	 470.0 {'long': 662, '-10.0': 390, 'short': 338, '2.0': 435, '20.0': 175} 
2025-11-23 15:43:00,016 - Generation 17 :	 558.0 {'short': 348, '20.0': 176, 'long': 651, '-10.0': 384, '2.0': 439, 'none': 1, '0': 1} 
